<?xml version="1.0" encoding="UTF-8"?>
<testng-results ignored="0" total="12" passed="8" failed="4" skipped="0">
  <reporter-output>
  </reporter-output>
  <suite started-at="2022-03-22T20:34:00 EET" name="Surefire suite" finished-at="2022-03-22T20:35:24 EET" duration-ms="83819">
    <groups>
      <group name="cucumber">
        <method signature="AbstractTestNGCucumberTests.runScenario(io.cucumber.testng.PickleWrapper, io.cucumber.testng.FeatureWrapper)[pri:0, instance:com.multimodule.uitesting.runners.Regression@7692d9cc]" name="runScenario" class="io.cucumber.testng.AbstractTestNGCucumberTests"/>
      </group> <!-- cucumber -->
    </groups>
    <test started-at="2022-03-22T20:34:00 EET" name="Surefire test" finished-at="2022-03-22T20:35:24 EET" duration-ms="83819">
      <class name="com.multimodule.uitesting.runners.Regression">
        <test-method is-config="true" signature="setUpClass()[pri:0, instance:com.multimodule.uitesting.runners.Regression@7692d9cc]" started-at="2022-03-22T20:34:00 EET" name="setUpClass" finished-at="2022-03-22T20:34:01 EET" duration-ms="968" status="PASS">
          <reporter-output>
          </reporter-output>
        </test-method> <!-- setUpClass -->
        <test-method is-config="true" signature="setUpCucumber()[pri:0, instance:com.multimodule.uitesting.runners.Regression@7692d9cc]" started-at="2022-03-22T20:34:01 EET" name="setUpCucumber" finished-at="2022-03-22T20:34:01 EET" duration-ms="47" status="PASS">
          <reporter-output>
          </reporter-output>
        </test-method> <!-- setUpCucumber -->
        <test-method is-config="true" signature="setupClassName(org.testng.ITestContext)[pri:0, instance:com.multimodule.uitesting.runners.Regression@7692d9cc]" started-at="2022-03-22T20:34:01 EET" name="setupClassName" finished-at="2022-03-22T20:34:01 EET" duration-ms="5" status="PASS">
          <params>
            <param index="0">
              <value>
                <![CDATA[org.testng.TestRunner@6419a0e1]]>
              </value>
            </param>
          </params>
          <reporter-output>
          </reporter-output>
        </test-method> <!-- setupClassName -->
        <test-method signature="runScenario(io.cucumber.testng.PickleWrapper, io.cucumber.testng.FeatureWrapper)[pri:0, instance:com.multimodule.uitesting.runners.Regression@7692d9cc]" started-at="2022-03-22T20:34:01 EET" name="runScenario" description="Runs Cucumber Scenarios" data-provider="scenarios" finished-at="2022-03-22T20:35:10 EET" duration-ms="68046" status="PASS">
          <params>
            <param index="0">
              <value>
                <![CDATA["login with valid email and password"]]>
              </value>
            </param>
            <param index="1">
              <value>
                <![CDATA["Optional[Login]"]]>
              </value>
            </param>
          </params>
          <reporter-output>
          </reporter-output>
        </test-method> <!-- runScenario -->
        <test-method signature="runScenario(io.cucumber.testng.PickleWrapper, io.cucumber.testng.FeatureWrapper)[pri:0, instance:com.multimodule.uitesting.runners.Regression@7692d9cc]" started-at="2022-03-22T20:34:02 EET" name="runScenario" description="Runs Cucumber Scenarios" data-provider="scenarios" finished-at="2022-03-22T20:34:57 EET" duration-ms="55657" status="FAIL">
          <params>
            <param index="0">
              <value>
                <![CDATA["login invalid credentials"]]>
              </value>
            </param>
            <param index="1">
              <value>
                <![CDATA["Optional[Login]"]]>
              </value>
            </param>
          </params>
          <exception class="org.apache.poi.poifs.filesystem.OfficeXmlFileException">
            <message>
              <![CDATA[The supplied data appears to be in the Office 2007+ XML. You are calling the part of POI that deals with OLE2 Office Documents. You need to call a different part of POI to process this data (eg XSSF instead of HSSF)]]>
            </message>
            <full-stacktrace>
              <![CDATA[org.apache.poi.poifs.filesystem.OfficeXmlFileException: The supplied data appears to be in the Office 2007+ XML. You are calling the part of POI that deals with OLE2 Office Documents. You need to call a different part of POI to process this data (eg XSSF instead of HSSF)
at org.apache.poi.poifs.storage.HeaderBlock.<init>(HeaderBlock.java:128)
at org.apache.poi.poifs.storage.HeaderBlock.<init>(HeaderBlock.java:115)
at org.apache.poi.poifs.filesystem.POIFSFileSystem.<init>(POIFSFileSystem.java:326)
at org.apache.poi.hssf.usermodel.HSSFWorkbook.<init>(HSSFWorkbook.java:431)
at org.apache.poi.hssf.usermodel.HSSFWorkbook.<init>(HSSFWorkbook.java:411)
at com.multimodule.helpers.TestResourcesReaders.readExcelSheetByIndex(TestResourcesReaders.java:54)
at com.multimodule.uitesting.stepDefinitions.testSteps.LoginTestSteps.userEnterLoginFrom(LoginTestSteps.java:52)
at ✽.user enter login "invalid username and valid password"  from  "testdata/LoginData.xlsx"(file:///C:/Users/Khaled%20M%20Farh/Downloads/test-multi-module-project/test-ui-project/src/test/resources/featuers/Login.feature:18)
]]>
            </full-stacktrace>
          </exception> <!-- org.apache.poi.poifs.filesystem.OfficeXmlFileException -->
          <reporter-output>
          </reporter-output>
        </test-method> <!-- runScenario -->
        <test-method signature="runScenario(io.cucumber.testng.PickleWrapper, io.cucumber.testng.FeatureWrapper)[pri:0, instance:com.multimodule.uitesting.runners.Regression@7692d9cc]" started-at="2022-03-22T20:34:02 EET" name="runScenario" description="Runs Cucumber Scenarios" data-provider="scenarios" finished-at="2022-03-22T20:35:07 EET" duration-ms="65596" status="FAIL">
          <params>
            <param index="0">
              <value>
                <![CDATA["login invalid credentials"]]>
              </value>
            </param>
            <param index="1">
              <value>
                <![CDATA["Optional[Login]"]]>
              </value>
            </param>
          </params>
          <exception class="org.apache.poi.poifs.filesystem.OfficeXmlFileException">
            <message>
              <![CDATA[The supplied data appears to be in the Office 2007+ XML. You are calling the part of POI that deals with OLE2 Office Documents. You need to call a different part of POI to process this data (eg XSSF instead of HSSF)]]>
            </message>
            <full-stacktrace>
              <![CDATA[org.apache.poi.poifs.filesystem.OfficeXmlFileException: The supplied data appears to be in the Office 2007+ XML. You are calling the part of POI that deals with OLE2 Office Documents. You need to call a different part of POI to process this data (eg XSSF instead of HSSF)
at org.apache.poi.poifs.storage.HeaderBlock.<init>(HeaderBlock.java:128)
at org.apache.poi.poifs.storage.HeaderBlock.<init>(HeaderBlock.java:115)
at org.apache.poi.poifs.filesystem.POIFSFileSystem.<init>(POIFSFileSystem.java:326)
at org.apache.poi.hssf.usermodel.HSSFWorkbook.<init>(HSSFWorkbook.java:431)
at org.apache.poi.hssf.usermodel.HSSFWorkbook.<init>(HSSFWorkbook.java:411)
at com.multimodule.helpers.TestResourcesReaders.readExcelSheetByIndex(TestResourcesReaders.java:54)
at com.multimodule.uitesting.stepDefinitions.testSteps.LoginTestSteps.userEnterLoginFrom(LoginTestSteps.java:52)
at ✽.user enter login "valid username and invalid password"  from  "testdata/LoginData.xlsx"(file:///C:/Users/Khaled%20M%20Farh/Downloads/test-multi-module-project/test-ui-project/src/test/resources/featuers/Login.feature:18)
]]>
            </full-stacktrace>
          </exception> <!-- org.apache.poi.poifs.filesystem.OfficeXmlFileException -->
          <reporter-output>
          </reporter-output>
        </test-method> <!-- runScenario -->
        <test-method signature="runScenario(io.cucumber.testng.PickleWrapper, io.cucumber.testng.FeatureWrapper)[pri:0, instance:com.multimodule.uitesting.runners.Regression@7692d9cc]" started-at="2022-03-22T20:34:02 EET" name="runScenario" description="Runs Cucumber Scenarios" data-provider="scenarios" finished-at="2022-03-22T20:35:07 EET" duration-ms="65969" status="FAIL">
          <params>
            <param index="0">
              <value>
                <![CDATA["login invalid credentials"]]>
              </value>
            </param>
            <param index="1">
              <value>
                <![CDATA["Optional[Login]"]]>
              </value>
            </param>
          </params>
          <exception class="org.apache.poi.poifs.filesystem.OfficeXmlFileException">
            <message>
              <![CDATA[The supplied data appears to be in the Office 2007+ XML. You are calling the part of POI that deals with OLE2 Office Documents. You need to call a different part of POI to process this data (eg XSSF instead of HSSF)]]>
            </message>
            <full-stacktrace>
              <![CDATA[org.apache.poi.poifs.filesystem.OfficeXmlFileException: The supplied data appears to be in the Office 2007+ XML. You are calling the part of POI that deals with OLE2 Office Documents. You need to call a different part of POI to process this data (eg XSSF instead of HSSF)
at org.apache.poi.poifs.storage.HeaderBlock.<init>(HeaderBlock.java:128)
at org.apache.poi.poifs.storage.HeaderBlock.<init>(HeaderBlock.java:115)
at org.apache.poi.poifs.filesystem.POIFSFileSystem.<init>(POIFSFileSystem.java:326)
at org.apache.poi.hssf.usermodel.HSSFWorkbook.<init>(HSSFWorkbook.java:431)
at org.apache.poi.hssf.usermodel.HSSFWorkbook.<init>(HSSFWorkbook.java:411)
at com.multimodule.helpers.TestResourcesReaders.readExcelSheetByIndex(TestResourcesReaders.java:54)
at com.multimodule.uitesting.stepDefinitions.testSteps.LoginTestSteps.userEnterLoginFrom(LoginTestSteps.java:52)
at ✽.user enter login "invalid username and password"  from  "testdata/LoginData.xlsx"(file:///C:/Users/Khaled%20M%20Farh/Downloads/test-multi-module-project/test-ui-project/src/test/resources/featuers/Login.feature:18)
]]>
            </full-stacktrace>
          </exception> <!-- org.apache.poi.poifs.filesystem.OfficeXmlFileException -->
          <reporter-output>
          </reporter-output>
        </test-method> <!-- runScenario -->
        <test-method signature="runScenario(io.cucumber.testng.PickleWrapper, io.cucumber.testng.FeatureWrapper)[pri:0, instance:com.multimodule.uitesting.runners.Regression@7692d9cc]" started-at="2022-03-22T20:34:02 EET" name="runScenario" description="Runs Cucumber Scenarios" data-provider="scenarios" finished-at="2022-03-22T20:35:00 EET" duration-ms="57937" status="FAIL">
          <params>
            <param index="0">
              <value>
                <![CDATA["login invalid credentials"]]>
              </value>
            </param>
            <param index="1">
              <value>
                <![CDATA["Optional[Login]"]]>
              </value>
            </param>
          </params>
          <exception class="org.apache.poi.poifs.filesystem.OfficeXmlFileException">
            <message>
              <![CDATA[The supplied data appears to be in the Office 2007+ XML. You are calling the part of POI that deals with OLE2 Office Documents. You need to call a different part of POI to process this data (eg XSSF instead of HSSF)]]>
            </message>
            <full-stacktrace>
              <![CDATA[org.apache.poi.poifs.filesystem.OfficeXmlFileException: The supplied data appears to be in the Office 2007+ XML. You are calling the part of POI that deals with OLE2 Office Documents. You need to call a different part of POI to process this data (eg XSSF instead of HSSF)
at org.apache.poi.poifs.storage.HeaderBlock.<init>(HeaderBlock.java:128)
at org.apache.poi.poifs.storage.HeaderBlock.<init>(HeaderBlock.java:115)
at org.apache.poi.poifs.filesystem.POIFSFileSystem.<init>(POIFSFileSystem.java:326)
at org.apache.poi.hssf.usermodel.HSSFWorkbook.<init>(HSSFWorkbook.java:431)
at org.apache.poi.hssf.usermodel.HSSFWorkbook.<init>(HSSFWorkbook.java:411)
at com.multimodule.helpers.TestResourcesReaders.readExcelSheetByIndex(TestResourcesReaders.java:54)
at com.multimodule.uitesting.stepDefinitions.testSteps.LoginTestSteps.userEnterLoginFrom(LoginTestSteps.java:52)
at ✽.user enter login "Missing password"  from  "testdata/LoginData.xlsx"(file:///C:/Users/Khaled%20M%20Farh/Downloads/test-multi-module-project/test-ui-project/src/test/resources/featuers/Login.feature:18)
]]>
            </full-stacktrace>
          </exception> <!-- org.apache.poi.poifs.filesystem.OfficeXmlFileException -->
          <reporter-output>
          </reporter-output>
        </test-method> <!-- runScenario -->
        <test-method signature="runScenario(io.cucumber.testng.PickleWrapper, io.cucumber.testng.FeatureWrapper)[pri:0, instance:com.multimodule.uitesting.runners.Regression@7692d9cc]" started-at="2022-03-22T20:34:02 EET" name="runScenario" description="Runs Cucumber Scenarios" data-provider="scenarios" finished-at="2022-03-22T20:35:12 EET" duration-ms="70609" status="PASS">
          <params>
            <param index="0">
              <value>
                <![CDATA["user wants to logout"]]>
              </value>
            </param>
            <param index="1">
              <value>
                <![CDATA["Optional[User logout]"]]>
              </value>
            </param>
          </params>
          <reporter-output>
          </reporter-output>
        </test-method> <!-- runScenario -->
        <test-method signature="runScenario(io.cucumber.testng.PickleWrapper, io.cucumber.testng.FeatureWrapper)[pri:0, instance:com.multimodule.uitesting.runners.Regression@7692d9cc]" started-at="2022-03-22T20:34:02 EET" name="runScenario" description="Runs Cucumber Scenarios" data-provider="scenarios" finished-at="2022-03-22T20:35:12 EET" duration-ms="69857" status="PASS">
          <params>
            <param index="0">
              <value>
                <![CDATA["user try to place order"]]>
              </value>
            </param>
            <param index="1">
              <value>
                <![CDATA["Optional[User wants to place order]"]]>
              </value>
            </param>
          </params>
          <reporter-output>
          </reporter-output>
        </test-method> <!-- runScenario -->
        <test-method signature="runScenario(io.cucumber.testng.PickleWrapper, io.cucumber.testng.FeatureWrapper)[pri:0, instance:com.multimodule.uitesting.runners.Regression@7692d9cc]" started-at="2022-03-22T20:34:02 EET" name="runScenario" description="Runs Cucumber Scenarios" data-provider="scenarios" finished-at="2022-03-22T20:35:07 EET" duration-ms="65640" status="PASS">
          <params>
            <param index="0">
              <value>
                <![CDATA["user try to place order"]]>
              </value>
            </param>
            <param index="1">
              <value>
                <![CDATA["Optional[User wants to place order]"]]>
              </value>
            </param>
          </params>
          <reporter-output>
          </reporter-output>
        </test-method> <!-- runScenario -->
        <test-method signature="runScenario(io.cucumber.testng.PickleWrapper, io.cucumber.testng.FeatureWrapper)[pri:0, instance:com.multimodule.uitesting.runners.Regression@7692d9cc]" started-at="2022-03-22T20:34:02 EET" name="runScenario" description="Runs Cucumber Scenarios" data-provider="scenarios" finished-at="2022-03-22T20:35:10 EET" duration-ms="68308" status="PASS">
          <params>
            <param index="0">
              <value>
                <![CDATA["User wants to sort the products using sorting options"]]>
              </value>
            </param>
            <param index="1">
              <value>
                <![CDATA["Optional[Sort Products]"]]>
              </value>
            </param>
          </params>
          <reporter-output>
          </reporter-output>
        </test-method> <!-- runScenario -->
        <test-method signature="runScenario(io.cucumber.testng.PickleWrapper, io.cucumber.testng.FeatureWrapper)[pri:0, instance:com.multimodule.uitesting.runners.Regression@7692d9cc]" started-at="2022-03-22T20:34:02 EET" name="runScenario" description="Runs Cucumber Scenarios" data-provider="scenarios" finished-at="2022-03-22T20:35:07 EET" duration-ms="65100" status="PASS">
          <params>
            <param index="0">
              <value>
                <![CDATA["User wants to sort the products using sorting options"]]>
              </value>
            </param>
            <param index="1">
              <value>
                <![CDATA["Optional[Sort Products]"]]>
              </value>
            </param>
          </params>
          <reporter-output>
          </reporter-output>
        </test-method> <!-- runScenario -->
        <test-method signature="runScenario(io.cucumber.testng.PickleWrapper, io.cucumber.testng.FeatureWrapper)[pri:0, instance:com.multimodule.uitesting.runners.Regression@7692d9cc]" started-at="2022-03-22T20:34:02 EET" name="runScenario" description="Runs Cucumber Scenarios" data-provider="scenarios" finished-at="2022-03-22T20:35:08 EET" duration-ms="66045" status="PASS">
          <params>
            <param index="0">
              <value>
                <![CDATA["User wants to sort the products using sorting options"]]>
              </value>
            </param>
            <param index="1">
              <value>
                <![CDATA["Optional[Sort Products]"]]>
              </value>
            </param>
          </params>
          <reporter-output>
          </reporter-output>
        </test-method> <!-- runScenario -->
        <test-method signature="runScenario(io.cucumber.testng.PickleWrapper, io.cucumber.testng.FeatureWrapper)[pri:0, instance:com.multimodule.uitesting.runners.Regression@7692d9cc]" started-at="2022-03-22T20:34:02 EET" name="runScenario" description="Runs Cucumber Scenarios" data-provider="scenarios" finished-at="2022-03-22T20:35:12 EET" duration-ms="70114" status="PASS">
          <params>
            <param index="0">
              <value>
                <![CDATA["User wants to sort the products using sorting options"]]>
              </value>
            </param>
            <param index="1">
              <value>
                <![CDATA["Optional[Sort Products]"]]>
              </value>
            </param>
          </params>
          <reporter-output>
          </reporter-output>
        </test-method> <!-- runScenario -->
        <test-method is-config="true" signature="tearDownClass()[pri:0, instance:com.multimodule.uitesting.runners.Regression@7692d9cc]" started-at="2022-03-22T20:35:12 EET" name="tearDownClass" finished-at="2022-03-22T20:35:24 EET" duration-ms="11942" status="PASS">
          <reporter-output>
          </reporter-output>
        </test-method> <!-- tearDownClass -->
      </class> <!-- com.multimodule.uitesting.runners.Regression -->
    </test> <!-- Surefire test -->
  </suite> <!-- Surefire suite -->
</testng-results>
