<?xml version="1.0" encoding="UTF-8"?>
<testsuite xmlns:xsi="http://www.w3.org/2001/XMLSchema-instance" xsi:noNamespaceSchemaLocation="https://maven.apache.org/surefire/maven-surefire-plugin/xsd/surefire-test-report-3.0.xsd" version="3.0" name="com.multimodule.uitesting.runners.Smoke" time="26.972" tests="2" errors="0" skipped="0" failures="0">
  <properties>
[...]
</properties>
  <testcase name="runScenario[&quot;user try to place order&quot;, &quot;Optional[User wants to place order]&quot;](1)" classname="com.multimodule.uitesting.runners.Smoke" time="18.648">
    <system-out><![CDATA[
@Regression @PlaceOrder @HappyScenario
Scenario Outline: user try to place order                                                                                                    # src/test/resources/featuers/PlaceOrder.feature:22

@Regression @PlaceOrder @HappyScenario
Scenario Outline: user try to place order                                                                                                    # src/test/resources/featuers/PlaceOrder.feature:21
[DEBUG] 2022-03-22 20:11:50.423 TestNG-PoolService-1.com.multimodule.uitesting.driver.configuration.TestConfigurationBuilder.setBrowser.Line 67 - Execution Browser is CHROME
[DEBUG] 2022-03-22 20:11:50.423 TestNG-PoolService-0.com.multimodule.uitesting.driver.configuration.TestConfigurationBuilder.setBrowser.Line 67 - Execution Browser is CHROME
[DEBUG] 2022-03-22 20:11:50.428 TestNG-PoolService-0.com.multimodule.uitesting.driver.configuration.TestConfigurationBuilder.setPrivacy.Line 49 - Execution privacy is PUBLIC
[DEBUG] 2022-03-22 20:11:50.428 TestNG-PoolService-1.com.multimodule.uitesting.driver.configuration.TestConfigurationBuilder.setPrivacy.Line 49 - Execution privacy is PUBLIC
[DEBUG] 2022-03-22 20:11:50.430 TestNG-PoolService-0.com.multimodule.uitesting.driver.configuration.TestConfigurationBuilder.setExecutionMode.Line 44 - Execution mode is HEADFULL
[DEBUG] 2022-03-22 20:11:50.430 TestNG-PoolService-1.com.multimodule.uitesting.driver.configuration.TestConfigurationBuilder.setExecutionMode.Line 44 - Execution mode is HEADFULL
[DEBUG] 2022-03-22 20:11:50.431 TestNG-PoolService-0.com.multimodule.uitesting.driver.configuration.TestConfigurationBuilder.setBrowserCustomDimensions.Line 55 - Execution Dimensions is (768, 1024)
[DEBUG] 2022-03-22 20:11:50.431 TestNG-PoolService-1.com.multimodule.uitesting.driver.configuration.TestConfigurationBuilder.setBrowserCustomDimensions.Line 55 - Execution Dimensions is (768, 1024)
[DEBUG] 2022-03-22 20:11:57.381 TestNG-PoolService-0.com.multimodule.uitesting.driver.factory.DriverFactory.getWebDriver.Line 30 - invoking Chrome web browser
[DEBUG] 2022-03-22 20:11:57.528 TestNG-PoolService-1.com.multimodule.uitesting.driver.factory.DriverFactory.getWebDriver.Line 30 - invoking Chrome web browser
  Given user is logged in with standard account user name is "standard_user" and password "secret_sauce"                                     # com.multimodule.uitesting.stepDefinitions.testSteps.PlaceOrderTestSteps.user_is_logged_in_with_standard_account_user_name_x_and_password(java.lang.String,java.lang.String)

    Embedding screenshot [image/png 86431 bytes]

  And user in the "Products" page                                                                                                            # com.multimodule.uitesting.stepDefinitions.testSteps.PlaceOrderTestSteps.user_in_the_page(java.lang.String)
  Given user is logged in with standard account user name is "standard_user" and password "secret_sauce"                                     # com.multimodule.uitesting.stepDefinitions.testSteps.PlaceOrderTestSteps.user_is_logged_in_with_standard_account_user_name_x_and_password(java.lang.String,java.lang.String)

    Embedding screenshot [image/png 87644 bytes]


    Embedding screenshot [image/png 63349 bytes]

  When user add item using "Sauce Labs Backpack" to the shopping cart                                                                        # com.multimodule.uitesting.stepDefinitions.testSteps.PlaceOrderTestSteps.user_add_item_using_to_the_shopping_cart(java.lang.String)
  And user in the "Products" page                                                                                                            # com.multimodule.uitesting.stepDefinitions.testSteps.PlaceOrderTestSteps.user_in_the_page(java.lang.String)

    Embedding screenshot [image/png 196325 bytes]


    Embedding screenshot [image/png 90187 bytes]

  And user clicks on the shopping cart icon                                                                                                  # com.multimodule.uitesting.stepDefinitions.testSteps.PlaceOrderTestSteps.user_clicks_on_the_shopping_cart_icon()

    Embedding screenshot [image/png 45345 bytes]

  And click on the checkout button                                                                                                           # com.multimodule.uitesting.stepDefinitions.testSteps.PlaceOrderTestSteps.click_on_the_checkout_button()

    Embedding screenshot [image/png 34125 bytes]

  When user add item using "Sauce Labs Bike Light; Sauce Labs Backpack" to the shopping cart                                                 # com.multimodule.uitesting.stepDefinitions.testSteps.PlaceOrderTestSteps.user_add_item_using_to_the_shopping_cart(java.lang.String)

    Embedding screenshot [image/png 281374 bytes]

  And fill payment information from file "testdata/PaymentInfoData.json"                                                                     # com.multimodule.uitesting.stepDefinitions.testSteps.PlaceOrderTestSteps.fill_payment_information_from_file(java.lang.String)

    Embedding screenshot [image/png 31672 bytes]

  And Click on continue button                                                                                                               # com.multimodule.uitesting.stepDefinitions.testSteps.PlaceOrderTestSteps.click_on_continue_button()
  And user clicks on the shopping cart icon                                                                                                  # com.multimodule.uitesting.stepDefinitions.testSteps.PlaceOrderTestSteps.user_clicks_on_the_shopping_cart_icon()

    Embedding screenshot [image/png 51216 bytes]

  And the items total price is "Item Total: $29.99"                                                                                          # com.multimodule.uitesting.stepDefinitions.testSteps.PlaceOrderTestSteps.the_total_price_is(java.lang.String)

    Embedding screenshot [image/png 52513 bytes]


    Embedding screenshot [image/png 51216 bytes]

  And the total price  after tax is "Total: $32.39"                                                                                          # com.multimodule.uitesting.stepDefinitions.testSteps.PlaceOrderTestSteps.theTotalPriceAfterTax(java.lang.String)

    Embedding screenshot [image/png 51216 bytes]

  And click on the checkout button                                                                                                           # com.multimodule.uitesting.stepDefinitions.testSteps.PlaceOrderTestSteps.click_on_the_checkout_button()
  And the taxes rate is "8" %                                                                                                                # com.multimodule.uitesting.stepDefinitions.testSteps.PlaceOrderTestSteps.theTaxRate(java.lang.String)

    Embedding screenshot [image/png 34306 bytes]


    Embedding screenshot [image/png 51216 bytes]

  And clicks on the finish button                                                                                                            # com.multimodule.uitesting.stepDefinitions.testSteps.PlaceOrderTestSteps.clicks_on_the_finish_button()

    Embedding screenshot [image/png 79928 bytes]

  Then the order has been created with thanks word "Your order has been dispatched, and will arrive just as fast as the pony can get there!" # com.multimodule.uitesting.stepDefinitions.testSteps.PlaceOrderTestSteps.the_order_has_been_created_with_thanks_word(java.lang.String)

    Embedding screenshot [image/png 79928 bytes]

  And fill payment information from file "testdata/PaymentInfoData.json"                                                                     # com.multimodule.uitesting.stepDefinitions.testSteps.PlaceOrderTestSteps.fill_payment_information_from_file(java.lang.String)

    Embedding screenshot [image/png 31845 bytes]

  And Click on continue button                                                                                                               # com.multimodule.uitesting.stepDefinitions.testSteps.PlaceOrderTestSteps.click_on_continue_button()

    Embedding screenshot [image/png 59897 bytes]

  And the items total price is "Item Total: $39.98"                                                                                          # com.multimodule.uitesting.stepDefinitions.testSteps.PlaceOrderTestSteps.the_total_price_is(java.lang.String)

    Embedding screenshot [image/png 59897 bytes]

  And the total price  after tax is "Total: $43.18"                                                                                          # com.multimodule.uitesting.stepDefinitions.testSteps.PlaceOrderTestSteps.theTotalPriceAfterTax(java.lang.String)

    Embedding screenshot [image/png 59897 bytes]

  And the taxes rate is "8" %                                                                                                                # com.multimodule.uitesting.stepDefinitions.testSteps.PlaceOrderTestSteps.theTaxRate(java.lang.String)

    Embedding screenshot [image/png 59897 bytes]

  And clicks on the finish button                                                                                                            # com.multimodule.uitesting.stepDefinitions.testSteps.PlaceOrderTestSteps.clicks_on_the_finish_button()

    Embedding screenshot [image/png 80812 bytes]

  Then the order has been created with thanks word "Your order has been dispatched, and will arrive just as fast as the pony can get there!" # com.multimodule.uitesting.stepDefinitions.testSteps.PlaceOrderTestSteps.the_order_has_been_created_with_thanks_word(java.lang.String)

    Embedding screenshot [image/png 80812 bytes]

]]></system-out>
    <system-err><![CDATA[[TestNG-PoolService-0] INFO io.github.bonigarcia.wdm.WebDriverManager - Using chromedriver 99.0.4844.51 (resolved driver for Chrome 99)
[TestNG-PoolService-0] INFO io.github.bonigarcia.wdm.WebDriverManager - Exporting webdriver.chrome.driver as C:\Users\Khaled M Farh\.cache\selenium\chromedriver\win32\99.0.4844.51\chromedriver.exe
[TestNG-PoolService-1] INFO io.github.bonigarcia.wdm.WebDriverManager - Using chromedriver 99.0.4844.51 (resolved driver for Chrome 99)
[TestNG-PoolService-1] INFO io.github.bonigarcia.wdm.WebDriverManager - Exporting webdriver.chrome.driver as C:\Users\Khaled M Farh\.cache\selenium\chromedriver\win32\99.0.4844.51\chromedriver.exe
Starting ChromeDriver 99.0.4844.51 (d537ec02474b5afe23684e7963d538896c63ac77-refs/branch-heads/4844@{#875}) on port 63175
Only local connections are allowed.
Please see https://chromedriver.chromium.org/security-considerations for suggestions on keeping ChromeDriver safe.
Starting ChromeDriver 99.0.4844.51 (d537ec02474b5afe23684e7963d538896c63ac77-refs/branch-heads/4844@{#875}) on port 50526
Only local connections are allowed.
Please see https://chromedriver.chromium.org/security-considerations for suggestions on keeping ChromeDriver safe.
ChromeDriver was started successfully.
ChromeDriver was started successfully.
Mar 22, 2022 8:11:56 PM org.openqa.selenium.remote.ProtocolHandshake createSession
INFO: Detected dialect: W3C
Mar 22, 2022 8:11:57 PM org.openqa.selenium.remote.ProtocolHandshake createSession
INFO: Detected dialect: W3C
Mar 22, 2022 8:11:57 PM org.openqa.selenium.devtools.CdpVersionFinder findNearestMatch
WARNING: Unable to find an exact match for CDP version 99, so returning the closest version found: 95
Mar 22, 2022 8:11:57 PM org.openqa.selenium.devtools.CdpVersionFinder findNearestMatch
INFO: Found CDP implementation for version 99 of 95
Mar 22, 2022 8:11:57 PM org.openqa.selenium.devtools.CdpVersionFinder findNearestMatch
WARNING: Unable to find an exact match for CDP version 99, so returning the closest version found: 95
Mar 22, 2022 8:11:57 PM org.openqa.selenium.devtools.CdpVersionFinder findNearestMatch
INFO: Found CDP implementation for version 99 of 95
]]></system-err>
  </testcase>
  <testcase name="runScenario[&quot;user try to place order&quot;, &quot;Optional[User wants to place order]&quot;](2)" classname="com.multimodule.uitesting.runners.Smoke" time="18.914"/>
</testsuite>